time="2025-09-09 19:31:47" level=info Agent="Apifox/1.0.0 (https://apifox.com)" DataSize=66 HostName=zhen IP="::1" Method=POST Path=/api/v1/user/add SpendTime="0 ms" status=200
time="2025-09-09 19:32:01" level=info Agent="Apifox/1.0.0 (https://apifox.com)" DataSize=66 HostName=zhen IP="::1" Method=POST Path=/api/v1/user/add SpendTime="0 ms" status=200
time="2025-09-09 19:32:13" level=info Agent="Apifox/1.0.0 (https://apifox.com)" DataSize=53 HostName=zhen IP="::1" Method=POST Path=/api/v1/user/add SpendTime="0 ms" status=200
time="2025-09-09 19:35:42" level=info Agent="Apifox/1.0.0 (https://apifox.com)" DataSize=29 HostName=zhen IP="::1" Method=POST Path=/api/v1/user/add SpendTime="49 ms" status=200
time="2025-09-09 19:35:50" level=info Agent="Apifox/1.0.0 (https://apifox.com)" DataSize=51 HostName=zhen IP="::1" Method=POST Path=/api/v1/user/add SpendTime="0 ms" status=200
time="2025-09-09 19:58:50" level=info Agent="Apifox/1.0.0 (https://apifox.com)" DataSize=538 HostName=zhen IP="::1" Method=GET Path="/api/v1/users?pageSize=3&pageNum=1" SpendTime="9 ms" status=200
time="2025-09-09 19:59:07" level=warning Agent="Apifox/1.0.0 (https://apifox.com)" DataSize=0 HostName=zhen IP="::1" Method=GET Path="/api/v1/category?pageSize&pageNum" SpendTime="0 ms" status=404
time="2025-09-09 19:59:12" level=warning Agent="Apifox/1.0.0 (https://apifox.com)" DataSize=0 HostName=zhen IP="::1" Method=GET Path="/api/v1/category?pageSize=3&pageNum=1" SpendTime="0 ms" status=404
time="2025-09-09 19:59:47" level=info Agent="Apifox/1.0.0 (https://apifox.com)" DataSize=538 HostName=zhen IP="::1" Method=GET Path="/api/v1/users?pageSize=3&pageNum=1" SpendTime="12 ms" status=200
time="2025-09-09 19:59:53" level=info Agent="Apifox/1.0.0 (https://apifox.com)" DataSize=538 HostName=zhen IP="::1" Method=GET Path="/api/v1/users?pageSize=3&pageNum=3" SpendTime="2 ms" status=200
time="2025-09-09 20:00:00" level=info Agent="Apifox/1.0.0 (https://apifox.com)" DataSize=538 HostName=zhen IP="::1" Method=GET Path="/api/v1/users?pageSize=3&pageNum=1" SpendTime="6 ms" status=200
time="2025-09-09 20:00:20" level=warning Agent="Apifox/1.0.0 (https://apifox.com)" DataSize=0 HostName=zhen IP="::1" Method=GET Path="/api/v1/category?pageSize=3&pageNum=1" SpendTime="0 ms" status=404
time="2025-09-09 20:00:48" level=info Agent="Apifox/1.0.0 (https://apifox.com)" DataSize=40 HostName=zhen IP="::1" Method=POST Path=/api/v1/category/add SpendTime="0 ms" status=200
time="2025-09-09 20:02:11" level=info Agent="Apifox/1.0.0 (https://apifox.com)" DataSize=53 HostName=zhen IP="::1" Method=GET Path="/api/v1/article?pageSize&pageNum" SpendTime="8 ms" status=200
time="2025-09-09 20:02:16" level=info Agent="Apifox/1.0.0 (https://apifox.com)" DataSize=345 HostName=zhen IP="::1" Method=GET Path="/api/v1/article?pageSize=3&pageNum=1" SpendTime="4 ms" status=200
time="2025-09-09 20:02:45" level=info Agent="Apifox/1.0.0 (https://apifox.com)" DataSize=538 HostName=zhen IP="::1" Method=GET Path="/api/v1/users?pageSize=3&pageNum=1" SpendTime="8 ms" status=200
time="2025-09-09 20:05:00" level=warning Agent="Apifox/1.0.0 (https://apifox.com)" DataSize=0 HostName=zhen IP="::1" Method=GET Path="/api/v1/category?pageSize=2&pageNum=1" SpendTime="0 ms" status=404
time="2025-09-09 20:09:51" level=info Agent="Apifox/1.0.0 (https://apifox.com)" DataSize=345 HostName=zhen IP="::1" Method=GET Path="/api/v1/article/list/1?pageSize=1&pageNum=1" SpendTime="12 ms" status=200
time="2025-09-09 20:10:19" level=warning Agent="Apifox/1.0.0 (https://apifox.com)" DataSize=0 HostName=zhen IP="::1" Method=GET Path="/api/v1/category?pageSize=2&pageNum=1" SpendTime="0 ms" status=404
time="2025-09-09 20:10:43" level=info Agent="Apifox/1.0.0 (https://apifox.com)" DataSize=98 HostName=zhen IP="::1" Method=GET Path="/api/v1/category/list?pageSize=2&pageNum=1" SpendTime="8 ms" status=200
time="2025-09-09 20:11:04" level=info Agent="Apifox/1.0.0 (https://apifox.com)" DataSize=49 HostName=zhen IP="::1" Method=GET Path="/api/v1/category/list?pageSize=3&pageNum=3" SpendTime="9 ms" status=200
time="2025-09-09 20:11:10" level=info Agent="Apifox/1.0.0 (https://apifox.com)" DataSize=49 HostName=zhen IP="::1" Method=GET Path="/api/v1/category/list?pageSize=2&pageNum=3" SpendTime="1 ms" status=200
time="2025-09-09 20:11:17" level=info Agent="Apifox/1.0.0 (https://apifox.com)" DataSize=123 HostName=zhen IP="::1" Method=GET Path="/api/v1/category/list?pageSize=3&pageNum=1" SpendTime="8 ms" status=200
